This is pdfTeX, Version 3.141592653-2.6-1.40.26 (MiKTeX 24.3.31) (preloaded format=pdflatex 2024.4.11)  11 APR 2024 14:28
entering extended mode
 restricted \write18 enabled.
 file:line:error style messages enabled.
 %&-line parsing enabled.
**c:/Users/carri/OneDrive/Documentos/UBA/algoritmos2/tp1/Paquetes-Latex/ejemplos/apunte_modulos_basicos.tex
(c:/Users/carri/OneDrive/Documentos/UBA/algoritmos2/tp1/Paquetes-Latex/ejemplos/apunte_modulos_basicos.tex
LaTeX2e <2023-11-01> patch level 1
L3 programming layer <2024-03-14>
(C:\Users\carri\AppData\Local\Programs\MiKTeX\tex/latex/base\article.cls
Document Class: article 2023/05/17 v1.4n Standard LaTeX document class
(C:\Users\carri\AppData\Local\Programs\MiKTeX\tex/latex/base\size10.clo
File: size10.clo 2023/05/17 v1.4n Standard LaTeX file (size option)
)
\c@part=\count188
\c@section=\count189
\c@subsection=\count190
\c@subsubsection=\count191
\c@paragraph=\count192
\c@subparagraph=\count193
\c@figure=\count194
\c@table=\count195
\abovecaptionskip=\skip48
\belowcaptionskip=\skip49
\bibindent=\dimen140
) (C:\Users\carri\AppData\Local\Programs\MiKTeX\tex/latex/geometry\geometry.sty
Package: geometry 2020/01/02 v5.9 Page Geometry
 (C:\Users\carri\AppData\Local\Programs\MiKTeX\tex/latex/graphics\keyval.sty
Package: keyval 2022/05/29 v1.15 key=value parser (DPC)
\KV@toks@=\toks17
) (C:\Users\carri\AppData\Local\Programs\MiKTeX\tex/generic/iftex\ifvtex.sty
Package: ifvtex 2019/10/25 v1.7 ifvtex legacy package. Use iftex instead.
 (C:\Users\carri\AppData\Local\Programs\MiKTeX\tex/generic/iftex\iftex.sty
Package: iftex 2022/02/03 v1.0f TeX engine tests
))
\Gm@cnth=\count196
\Gm@cntv=\count197
\c@Gm@tempcnt=\count198
\Gm@bindingoffset=\dimen141
\Gm@wd@mp=\dimen142
\Gm@odd@mp=\dimen143
\Gm@even@mp=\dimen144
\Gm@layoutwidth=\dimen145
\Gm@layoutheight=\dimen146
\Gm@layouthoffset=\dimen147
\Gm@layoutvoffset=\dimen148
\Gm@dimlist=\toks18
 (C:\Users\carri\AppData\Local\Programs\MiKTeX\tex/latex/geometry\geometry.cfg)) (C:\Users\carri\AppData\Local\Programs\MiKTeX\tex/latex/base\inputenc.sty
Package: inputenc 2021/02/14 v1.3d Input encoding file
\inpenc@prehook=\toks19
\inpenc@posthook=\toks20
 (C:\Users\carri\AppData\Local\Programs\MiKTeX\tex/latex/base\latin1.def
File: latin1.def 2021/02/14 v1.3d Input encoding file
)) (C:\Users\carri\AppData\Local\Programs\MiKTeX\tex/latex/base\fontenc.sty
Package: fontenc 2021/04/29 v2.0v Standard LaTeX package
) (C:\Users\carri\AppData\Local\Programs\MiKTeX\tex/generic/babel\babel.sty
Package: babel 2024/02/07 v24.2 The Babel package
\babel@savecnt=\count199
\U@D=\dimen149
\l@unhyphenated=\language79
 (C:\Users\carri\AppData\Local\Programs\MiKTeX\tex/generic/babel\txtbabel.def)
\bbl@readstream=\read2
\bbl@dirlevel=\count266

*************************************
* Local config file bblopts.cfg used
*
(C:\Users\carri\AppData\Local\Programs\MiKTeX\tex/latex/arabi\bblopts.cfg
File: bblopts.cfg 2005/09/08 v0.1 add Arabic and Farsi to "declared" options of babel
) (C:\Users\carri\AppData\Local\Programs\MiKTeX\tex/latex/babel-spanish\spanish.ldf
Language: spanish.ldf 2021/05/27 v5.0q Spanish support from the babel system
\es@quottoks=\toks21
\es@quotdepth=\count267
Package babel Info: Making " an active character on input line 570.
Package babel Info: Making . an active character on input line 675.
Package babel Info: Making < an active character on input line 722.
Package babel Info: Making > an active character on input line 722.
)) (C:\Users\carri\AppData\Local\Programs\MiKTeX\tex/generic/babel/locale/es\babel-spanish.tex
Package babel Info: Importing font and identification data for spanish
(babel)             from babel-es.ini. Reported on input line 11.
) (C:\Users\carri\AppData\Local\Programs\MiKTeX\tex/latex/fancyhdr\fancyhdr.sty
Package: fancyhdr 2022/11/09 v4.1 Extensive control of page headers and footers
\f@nch@headwidth=\skip50
\f@nch@O@elh=\skip51
\f@nch@O@erh=\skip52
\f@nch@O@olh=\skip53
\f@nch@O@orh=\skip54
\f@nch@O@elf=\skip55
\f@nch@O@erf=\skip56
\f@nch@O@olf=\skip57
\f@nch@O@orf=\skip58
) (C:\Users\carri\AppData\Local\Programs\MiKTeX\tex/latex/lastpage\lastpage.sty
Package: lastpage 2023/10/14 v2.0e lastpage: 2.09 or 2e? (HMM)
 (C:\Users\carri\AppData\Local\Programs\MiKTeX\tex/latex/lastpage\lastpage2e.sty
Package: lastpage2e 2023/10/14 v2.0e Decide which 2e lastpage version to use (HMM)
 (C:\Users\carri\AppData\Local\Programs\MiKTeX\tex/latex/lastpage\lastpagemodern.sty
Package: lastpagemodern 2023-10-14 v2.0e Refers to last page's name (HMM; JPG)
\c@lastpagecount=\count268
) 
)) (C:\Users\carri\AppData\Local\Programs\MiKTeX\tex/latex/tools\xspace.sty
Package: xspace 2014/10/28 v1.13 Space after command names (DPC,MH)
) (C:\Users\carri\AppData\Local\Programs\MiKTeX\tex/latex/xargs\xargs.sty
Package: xargs 2008/03/22 v1.1  extended macro definitions  (mpg)
 (C:\Users\carri\AppData\Local\Programs\MiKTeX\tex/latex/xkeyval\xkeyval.sty
Package: xkeyval 2022/06/16 v2.9 package option processing (HA)
 (C:\Users\carri\AppData\Local\Programs\MiKTeX\tex/generic/xkeyval\xkeyval.tex (C:\Users\carri\AppData\Local\Programs\MiKTeX\tex/generic/xkeyval\xkvutils.tex
\XKV@toks=\toks22
\XKV@tempa@toks=\toks23
)
\XKV@depth=\count269
File: xkeyval.tex 2014/12/03 v2.7a key=value parser (HA)
))
\xargs@max=\count270
\xargs@toksa=\toks24
\xargs@toksb=\toks25
) (C:\Users\carri\AppData\Local\Programs\MiKTeX\tex/latex/base\ifthen.sty
Package: ifthen 2022/04/13 v1.1d Standard LaTeX ifthen package (DPC)
) (C:\Users\carri\AppData\Local\Programs\MiKTeX\tex/latex/aed2-tad\aed2-tad.sty
Package: aed2-tad 2011/04/04 - Para especificar TADs en formato AED2
 (C:\Users\carri\AppData\Local\Programs\MiKTeX\tex/latex/tools\calc.sty
Package: calc 2023/07/08 v4.3 Infix arithmetic (KKT,FJ)
\calc@Acount=\count271
\calc@Bcount=\count272
\calc@Adimen=\dimen150
\calc@Bdimen=\dimen151
\calc@Askip=\skip59
\calc@Bskip=\skip60
LaTeX Info: Redefining \setlength on input line 80.
LaTeX Info: Redefining \addtolength on input line 81.
\calc@Ccount=\count273
\calc@Cskip=\skip61
) (C:\Users\carri\AppData\Local\Programs\MiKTeX\tex/latex/aed2-tokenizer\aed2-tokenizer.sty
Package: aed2-tokenizer 2010/03/12
)
Package aed2-tad Info: Cargando package 'tad' (04/04/2011) on input line 26.
\tadMargen=\skip62
\tadSubMargen=\skip63
\tadAnchoEncabezados=\skip64
\tadSeparacionTitulos=\skip65
\tadSeparacionFunciones=\skip66
\tadAnchoNombreFunciones=\skip67
\tadAnchoTipoFunciones=\skip68
\tadSeparacionAxiomas=\skip69
\tadAnchoIzquierdaAxioma=\skip70
\tad@oldparindent=\skip71
\pbox@len=\skip72
\tad@ifFitsElse@largo=\skip73
\igualobs@pre=\skip74
\igualobs@max=\skip75
\igualobssimple@max=\skip76
\@Signatura=\box51
\tadOperacion@textwidth=\skip77
\tadAxioma@lenEquiv=\skip78
\tadAxioma@lenDerecha=\skip79
) (C:\Users\carri\AppData\Local\Programs\MiKTeX\tex/latex/aed2-symb\aed2-symb.sty
Package: aed2-symb 2004/04/17 - Para componer simbolitos frecuentemente usados en AED2

Cargando package 'aed2-symb'
(C:\Users\carri\AppData\Local\Programs\MiKTeX\tex/latex/rcs\rcs.sty
Package: rcs 2003/02/02 v2.10 typeset info from RCS fields
\rcsLogIntro=\toks26
) (C:\Users\carri\AppData\Local\Programs\MiKTeX\tex/latex/amsmath\amsmath.sty
Package: amsmath 2023/05/13 v2.17o AMS math features
\@mathmargin=\skip80

For additional information on amsmath, use the `?' option.
(C:\Users\carri\AppData\Local\Programs\MiKTeX\tex/latex/amsmath\amstext.sty
Package: amstext 2021/08/26 v2.01 AMS text
 (C:\Users\carri\AppData\Local\Programs\MiKTeX\tex/latex/amsmath\amsgen.sty
File: amsgen.sty 1999/11/30 v2.0 generic functions
\@emptytoks=\toks27
\ex@=\dimen152
)) (C:\Users\carri\AppData\Local\Programs\MiKTeX\tex/latex/amsmath\amsbsy.sty
Package: amsbsy 1999/11/29 v1.2d Bold Symbols
\pmbraise@=\dimen153
) (C:\Users\carri\AppData\Local\Programs\MiKTeX\tex/latex/amsmath\amsopn.sty
Package: amsopn 2022/04/08 v2.04 operator names
)
\inf@bad=\count274
LaTeX Info: Redefining \frac on input line 234.
\uproot@=\count275
\leftroot@=\count276
LaTeX Info: Redefining \overline on input line 399.
LaTeX Info: Redefining \colon on input line 410.
\classnum@=\count277
\DOTSCASE@=\count278
LaTeX Info: Redefining \ldots on input line 496.
LaTeX Info: Redefining \dots on input line 499.
LaTeX Info: Redefining \cdots on input line 620.
\Mathstrutbox@=\box52
\strutbox@=\box53
LaTeX Info: Redefining \big on input line 722.
LaTeX Info: Redefining \Big on input line 723.
LaTeX Info: Redefining \bigg on input line 724.
LaTeX Info: Redefining \Bigg on input line 725.
\big@size=\dimen154
LaTeX Font Info:    Redeclaring font encoding OML on input line 743.
LaTeX Font Info:    Redeclaring font encoding OMS on input line 744.
\macc@depth=\count279
LaTeX Info: Redefining \bmod on input line 905.
LaTeX Info: Redefining \pmod on input line 910.
LaTeX Info: Redefining \smash on input line 940.
LaTeX Info: Redefining \relbar on input line 970.
LaTeX Info: Redefining \Relbar on input line 971.
\c@MaxMatrixCols=\count280
\dotsspace@=\muskip16
\c@parentequation=\count281
\dspbrk@lvl=\count282
\tag@help=\toks28
\row@=\count283
\column@=\count284
\maxfields@=\count285
\andhelp@=\toks29
\eqnshift@=\dimen155
\alignsep@=\dimen156
\tagshift@=\dimen157
\tagwidth@=\dimen158
\totwidth@=\dimen159
\lineht@=\dimen160
\@envbody=\toks30
\multlinegap=\skip81
\multlinetaggap=\skip82
\mathdisplay@stack=\toks31
LaTeX Info: Redefining \[ on input line 2953.
LaTeX Info: Redefining \] on input line 2954.
) (C:\Users\carri\AppData\Local\Programs\MiKTeX\tex/latex/amsfonts\amssymb.sty
Package: amssymb 2013/01/14 v3.01 AMS font symbols
 (C:\Users\carri\AppData\Local\Programs\MiKTeX\tex/latex/amsfonts\amsfonts.sty
Package: amsfonts 2013/01/14 v3.01 Basic AMSFonts support
\symAMSa=\mathgroup4
\symAMSb=\mathgroup5
LaTeX Font Info:    Redeclaring math symbol \hbar on input line 98.
LaTeX Font Info:    Overwriting math alphabet `\mathfrak' in version `bold'
(Font)                  U/euf/m/n --> U/euf/b/n on input line 106.
))) (C:\Users\carri\AppData\Local\Programs\MiKTeX\tex/latex/aed2-itef\aed2-itef.sty
Package: aed2-itef 2010/03/16 - if-then-else-fi en lenguaje de TADs.

Cargando package 'itef' (2010/03/16)
\itefIndentacion=\skip83
\itef@widthUnaLinea=\skip84
\itef@linewidth=\skip85
) (C:\Users\carri\AppData\Local\Programs\MiKTeX\tex/latex/algorithmicx\algorithmicx.sty
Package: algorithmicx 2005/04/27 v1.2 Algorithmicx

Document Style algorithmicx 1.2 - a greatly improved `algorithmic' style
\c@ALG@line=\count286
\c@ALG@rem=\count287
\c@ALG@nested=\count288
\ALG@tlm=\skip86
\ALG@thistlm=\skip87
\c@ALG@Lnr=\count289
\c@ALG@blocknr=\count290
\c@ALG@storecount=\count291
\c@ALG@tmpcounter=\count292
\ALG@tmplength=\skip88
) (C:\Users\carri\AppData\Local\Programs\MiKTeX\tex/latex/algorithmicx\algpseudocode.sty
Package: algpseudocode 

Document Style - pseudocode environments for use with the `algorithmicx' style
) (C:\Users\carri\AppData\Local\Programs\MiKTeX\tex/latex/algorithms\algorithm.sty
Package: algorithm 2009/08/24 v0.1 Document Style `algorithm' - floating environment
 (C:\Users\carri\AppData\Local\Programs\MiKTeX\tex/latex/float\float.sty
Package: float 2001/11/08 v1.3d Float enhancements (AL)
\c@float@type=\count293
\float@exts=\toks32
\float@box=\box54
\@float@everytoks=\toks33
\@floatcapt=\box55
)
\@float@every@algorithm=\toks34
\c@algorithm=\count294
) (C:\Users\carri\AppData\Local\Programs\MiKTeX\tex/latex/hyperref\hyperref.sty
Package: hyperref 2024-01-20 v7.01h Hypertext links for LaTeX
 (C:\Users\carri\AppData\Local\Programs\MiKTeX\tex/latex/kvsetkeys\kvsetkeys.sty
Package: kvsetkeys 2022-10-05 v1.19 Key value parser (HO)
) (C:\Users\carri\AppData\Local\Programs\MiKTeX\tex/generic/kvdefinekeys\kvdefinekeys.sty
Package: kvdefinekeys 2019-12-19 v1.6 Define keys (HO)
) (C:\Users\carri\AppData\Local\Programs\MiKTeX\tex/generic/pdfescape\pdfescape.sty
Package: pdfescape 2019/12/09 v1.15 Implements pdfTeX's escape features (HO)
 (C:\Users\carri\AppData\Local\Programs\MiKTeX\tex/generic/ltxcmds\ltxcmds.sty
Package: ltxcmds 2023-12-04 v1.26 LaTeX kernel commands for general use (HO)
) (C:\Users\carri\AppData\Local\Programs\MiKTeX\tex/generic/pdftexcmds\pdftexcmds.sty
Package: pdftexcmds 2020-06-27 v0.33 Utility functions of pdfTeX for LuaTeX (HO)
 (C:\Users\carri\AppData\Local\Programs\MiKTeX\tex/generic/infwarerr\infwarerr.sty
Package: infwarerr 2019/12/03 v1.5 Providing info/warning/error messages (HO)
)
Package pdftexcmds Info: \pdf@primitive is available.
Package pdftexcmds Info: \pdf@ifprimitive is available.
Package pdftexcmds Info: \pdfdraftmode found.
)) (C:\Users\carri\AppData\Local\Programs\MiKTeX\tex/latex/hycolor\hycolor.sty
Package: hycolor 2020-01-27 v1.10 Color options for hyperref/bookmark (HO)
) (C:\Users\carri\AppData\Local\Programs\MiKTeX\tex/latex/auxhook\auxhook.sty
Package: auxhook 2019-12-17 v1.6 Hooks for auxiliary files (HO)
) (C:\Users\carri\AppData\Local\Programs\MiKTeX\tex/latex/hyperref\nameref.sty
Package: nameref 2023-11-26 v2.56 Cross-referencing by name of section
 (C:\Users\carri\AppData\Local\Programs\MiKTeX\tex/latex/refcount\refcount.sty
Package: refcount 2019/12/15 v3.6 Data extraction from label references (HO)
) (C:\Users\carri\AppData\Local\Programs\MiKTeX\tex/generic/gettitlestring\gettitlestring.sty
Package: gettitlestring 2019/12/15 v1.6 Cleanup title references (HO)
 (C:\Users\carri\AppData\Local\Programs\MiKTeX\tex/latex/kvoptions\kvoptions.sty
Package: kvoptions 2022-06-15 v3.15 Key value format for package options (HO)
))
\c@section@level=\count295
) (C:\Users\carri\AppData\Local\Programs\MiKTeX\tex/latex/etoolbox\etoolbox.sty
Package: etoolbox 2020/10/05 v2.5k e-TeX tools for LaTeX (JAW)
\etb@tempcnta=\count296
)
\@linkdim=\dimen161
\Hy@linkcounter=\count297
\Hy@pagecounter=\count298
 (C:\Users\carri\AppData\Local\Programs\MiKTeX\tex/latex/hyperref\pd1enc.def
File: pd1enc.def 2024-01-20 v7.01h Hyperref: PDFDocEncoding definition (HO)
Now handling font encoding PD1 ...
... no UTF-8 mapping file for font encoding PD1
) (C:\Users\carri\AppData\Local\Programs\MiKTeX\tex/generic/intcalc\intcalc.sty
Package: intcalc 2019/12/15 v1.3 Expandable calculations with integers (HO)
)
\Hy@SavedSpaceFactor=\count299
 (C:\Users\carri\AppData\Local\Programs\MiKTeX\tex/latex/hyperref\puenc.def
File: puenc.def 2024-01-20 v7.01h Hyperref: PDF Unicode definition (HO)
Now handling font encoding PU ...
... no UTF-8 mapping file for font encoding PU
)
Package hyperref Info: Option `colorlinks' set `true' on input line 4062.
Package hyperref Info: Hyper figures OFF on input line 4179.
Package hyperref Info: Link nesting OFF on input line 4184.
Package hyperref Info: Hyper index ON on input line 4187.
Package hyperref Info: Plain pages OFF on input line 4194.
Package hyperref Info: Backreferencing OFF on input line 4199.
Package hyperref Info: Implicit mode ON; LaTeX internals redefined.
Package hyperref Info: Bookmarks ON on input line 4446.
\c@Hy@tempcnt=\count300
 (C:\Users\carri\AppData\Local\Programs\MiKTeX\tex/latex/url\url.sty
\Urlmuskip=\muskip17
Package: url 2013/09/16  ver 3.4  Verb mode for urls, etc.
)
LaTeX Info: Redefining \url on input line 4784.
\XeTeXLinkMargin=\dimen162
 (C:\Users\carri\AppData\Local\Programs\MiKTeX\tex/generic/bitset\bitset.sty
Package: bitset 2019/12/09 v1.3 Handle bit-vector datatype (HO)
 (C:\Users\carri\AppData\Local\Programs\MiKTeX\tex/generic/bigintcalc\bigintcalc.sty
Package: bigintcalc 2019/12/15 v1.5 Expandable calculations on big integers (HO)
))
\Fld@menulength=\count301
\Field@Width=\dimen163
\Fld@charsize=\dimen164
Package hyperref Info: Hyper figures OFF on input line 6063.
Package hyperref Info: Link nesting OFF on input line 6068.
Package hyperref Info: Hyper index ON on input line 6071.
Package hyperref Info: backreferencing OFF on input line 6078.
Package hyperref Info: Link coloring ON on input line 6081.
Package hyperref Info: Link coloring with OCG OFF on input line 6088.
Package hyperref Info: PDF/A mode OFF on input line 6093.
 (C:\Users\carri\AppData\Local\Programs\MiKTeX\tex/latex/base\atbegshi-ltx.sty
Package: atbegshi-ltx 2021/01/10 v1.0c Emulation of the original atbegshi
package with kernel methods
)
\Hy@abspage=\count302
\c@Item=\count303
\c@Hfootnote=\count304
)
Package hyperref Info: Driver (autodetected): hpdftex.
 (C:\Users\carri\AppData\Local\Programs\MiKTeX\tex/latex/hyperref\hpdftex.def
File: hpdftex.def 2024-01-20 v7.01h Hyperref driver for pdfTeX
 (C:\Users\carri\AppData\Local\Programs\MiKTeX\tex/latex/base\atveryend-ltx.sty
Package: atveryend-ltx 2020/08/19 v1.0a Emulation of the original atveryend package
with kernel methods
)
\Fld@listcount=\count305
\c@bookmark@seq@number=\count306
 (C:\Users\carri\AppData\Local\Programs\MiKTeX\tex/latex/rerunfilecheck\rerunfilecheck.sty
Package: rerunfilecheck 2022-07-10 v1.10 Rerun checks for auxiliary files (HO)
 (C:\Users\carri\AppData\Local\Programs\MiKTeX\tex/generic/uniquecounter\uniquecounter.sty
Package: uniquecounter 2019/12/15 v1.4 Provide unlimited unique counter (HO)
)
Package uniquecounter Info: New unique counter `rerunfilecheck' on input line 285.
)
\Hy@SectionHShift=\skip89
)
\IntFuncionLengthA=\skip90
\IntFuncionLengthB=\skip91
\IntFuncionLengthC=\skip92
\lenTupla=\skip93
 (C:\Users\carri\AppData\Local\Programs\MiKTeX\tex/latex/l3backend\l3backend-pdftex.def
File: l3backend-pdftex.def 2024-03-14 L3 backend support: PDF output (pdfTeX)
\l__color_backend_stack_int=\count307
\l__pdf_internal_box=\box56
) (c:\Users\carri\OneDrive\Documentos\UBA\algoritmos2\tp1\Paquetes-Latex\ejemplos\build\apunte_modulos_basicos.aux
LaTeX Info: Redefining \. on input line 11.
LaTeX Info: Redefining \% on input line 11.
)
\openout1 = `apunte_modulos_basicos.aux'.

LaTeX Font Info:    Checking defaults for OML/cmm/m/it on input line 164.
LaTeX Font Info:    ... okay on input line 164.
LaTeX Font Info:    Checking defaults for OMS/cmsy/m/n on input line 164.
LaTeX Font Info:    ... okay on input line 164.
LaTeX Font Info:    Checking defaults for OT1/cmr/m/n on input line 164.
LaTeX Font Info:    ... okay on input line 164.
LaTeX Font Info:    Checking defaults for T1/cmr/m/n on input line 164.
LaTeX Font Info:    ... okay on input line 164.
LaTeX Font Info:    Checking defaults for TS1/cmr/m/n on input line 164.
LaTeX Font Info:    ... okay on input line 164.
LaTeX Font Info:    Checking defaults for OMX/cmex/m/n on input line 164.
LaTeX Font Info:    ... okay on input line 164.
LaTeX Font Info:    Checking defaults for U/cmr/m/n on input line 164.
LaTeX Font Info:    ... okay on input line 164.
LaTeX Font Info:    Checking defaults for PD1/pdf/m/n on input line 164.
LaTeX Font Info:    ... okay on input line 164.
LaTeX Font Info:    Checking defaults for PU/pdf/m/n on input line 164.
LaTeX Font Info:    ... okay on input line 164.

*geometry* driver: auto-detecting
*geometry* detected driver: pdftex
*geometry* verbose mode - [ preamble ] result:
* driver: pdftex
* paper: a4paper
* layout: <same size as paper>
* layoutoffset:(h,v)=(0.0pt,0.0pt)
* modes: 
* h-part:(L,W,R)=(42.67912pt, 512.14963pt, 42.67912pt)
* v-part:(T,H,B)=(99.58464pt, 702.78308pt, 42.67912pt)
* \paperwidth=597.50787pt
* \paperheight=845.04684pt
* \textwidth=512.14963pt
* \textheight=702.78308pt
* \oddsidemargin=-29.59087pt
* \evensidemargin=-29.59087pt
* \topmargin=-9.68535pt
* \headheight=13.0pt
* \headsep=25.0pt
* \topskip=10.0pt
* \footskip=30.0pt
* \marginparwidth=57.0pt
* \marginparsep=11.0pt
* \columnsep=10.0pt
* \skip\footins=9.0pt plus 4.0pt minus 2.0pt
* \hoffset=0.0pt
* \voffset=0.0pt
* \mag=1000
* \@twocolumnfalse
* \@twosidefalse
* \@mparswitchfalse
* \@reversemarginfalse
* (1in=72.27pt=25.4mm, 1cm=28.453pt)

LaTeX Info: Redefining \. on input line 164.
LaTeX Info: Redefining \% on input line 164.
(C:\Users\carri\AppData\Local\Programs\MiKTeX\tex/latex/graphics\color.sty
Package: color 2022/01/06 v1.3d Standard LaTeX Color (DPC)
 (C:\Users\carri\AppData\Local\Programs\MiKTeX\tex/latex/graphics-cfg\color.cfg
File: color.cfg 2016/01/02 v1.6 sample color configuration
)
Package color Info: Driver file: pdftex.def on input line 149.
 (C:\Users\carri\AppData\Local\Programs\MiKTeX\tex/latex/graphics-def\pdftex.def
File: pdftex.def 2022/09/22 v1.2b Graphics/color driver for pdftex
 (C:\Users\carri\AppData\Local\Programs\MiKTeX\tex/context/base/mkii\supp-pdf.mkii
[Loading MPS to PDF converter (version 2006.09.02).]
\scratchcounter=\count308
\scratchdimen=\dimen165
\scratchbox=\box57
\nofMPsegments=\count309
\nofMParguments=\count310
\everyMPshowfont=\toks35
\MPscratchCnt=\count311
\MPscratchDim=\dimen166
\MPnumerator=\count312
\makeMPintoPDFobject=\count313
\everyMPtoPDFconversion=\toks36
)) (C:\Users\carri\AppData\Local\Programs\MiKTeX\tex/latex/graphics\mathcolor.ltx))
Package hyperref Info: Link coloring ON on input line 164.
 (c:\Users\carri\OneDrive\Documentos\UBA\algoritmos2\tp1\Paquetes-Latex\ejemplos\build\apunte_modulos_basicos.out) (c:\Users\carri\OneDrive\Documentos\UBA\algoritmos2\tp1\Paquetes-Latex\ejemplos\build\apunte_modulos_basicos.out)
\@outlinefile=\write3
\openout3 = `apunte_modulos_basicos.out'.

LaTeX Font Info:    Trying to load font information for U+msa on input line 169.
 (C:\Users\carri\AppData\Local\Programs\MiKTeX\tex/latex/amsfonts\umsa.fd
File: umsa.fd 2013/01/14 v3.01 AMS symbols A
)
LaTeX Font Info:    Trying to load font information for U+msb on input line 169.
 (C:\Users\carri\AppData\Local\Programs\MiKTeX\tex/latex/amsfonts\umsb.fd
File: umsb.fd 2013/01/14 v3.01 AMS symbols B
) (c:\Users\carri\OneDrive\Documentos\UBA\algoritmos2\tp1\Paquetes-Latex\ejemplos\build\apunte_modulos_basicos.toc
LaTeX Info: Redefining \. on input line 1.
LaTeX Info: Redefining \% on input line 1.
)
\tf@toc=\write4
\openout4 = `apunte_modulos_basicos.toc'.

 [1

{C:/Users/carri/AppData/Local/MiKTeX/fonts/map/pdftex/pdftex.map}]

Package hyperref Warning: Token not allowed in a PDF string (Unicode):
(hyperref)                removing `math shift' on input line 187.


Package hyperref Warning: Token not allowed in a PDF string (Unicode):
(hyperref)                removing `\alpha' on input line 187.


Package hyperref Warning: Token not allowed in a PDF string (Unicode):
(hyperref)                removing `math shift' on input line 187.


Package hyperref Warning: Token not allowed in a PDF string (Unicode):
(hyperref)                removing `math shift' on input line 222.


Package hyperref Warning: Token not allowed in a PDF string (Unicode):
(hyperref)                removing `\alpha' on input line 222.


Package hyperref Warning: Token not allowed in a PDF string (Unicode):
(hyperref)                removing `math shift' on input line 222.

[2]

Package hyperref Warning: Token not allowed in a PDF string (Unicode):
(hyperref)                removing `math shift' on input line 268.


Package hyperref Warning: Token not allowed in a PDF string (Unicode):
(hyperref)                removing `\alpha' on input line 268.


Package hyperref Warning: Token not allowed in a PDF string (Unicode):
(hyperref)                removing `math shift' on input line 268.

[3] [4]

Package hyperref Warning: Token not allowed in a PDF string (Unicode):
(hyperref)                removing `math shift' on input line 346.


Package hyperref Warning: Token not allowed in a PDF string (Unicode):
(hyperref)                removing `\alpha' on input line 346.


Package hyperref Warning: Token not allowed in a PDF string (Unicode):
(hyperref)                removing `math shift' on input line 346.

LaTeX Font Info:    Trying to load font information for T1+cmtt on input line 364.
(C:\Users\carri\AppData\Local\Programs\MiKTeX\tex/latex/base\t1cmtt.fd
File: t1cmtt.fd 2023/04/13 v2.5m Standard LaTeX font definitions
) [5] [6] [7]
Overfull \hbox (14.99998pt too wide) in paragraph at lines 557--557
[]\T1/cmr/m/n/10 Rep($\OML/cmm/m/it/10 l$\T1/cmr/m/n/10 )| $\OMS/cmsy/m/n/10 ^^Q$| [] 
 []


Overfull \hbox (14.99998pt too wide) in paragraph at lines 562--562
[]\T1/cmr/m/n/10 Nodo($\OML/cmm/m/it/10 l$\T1/cmr/m/n/10 ,$\OML/cmm/m/it/10 i$\T1/cmr/m/n/10 )| $\OMS/cmsy/m/n/10 ^^Q$| [] 
 []

[8]
Overfull \hbox (14.99998pt too wide) in paragraph at lines 567--567
[]\T1/cmr/m/n/10 FinLst($\OML/cmm/m/it/10 l$\T1/cmr/m/n/10 )| $\OMS/cmsy/m/n/10 ^^Q$| [] 
 []


Overfull \hbox (14.99998pt too wide) in paragraph at lines 572--572
[]\T1/cmr/m/n/10 Lst($\OML/cmm/m/it/10 p; n$\T1/cmr/m/n/10 )| $\OMS/cmsy/m/n/10 ^^Q$| [] 
 []


Overfull \hbox (14.99998pt too wide) in paragraph at lines 576--576
[]\T1/cmr/m/n/10 Abs($\OML/cmm/m/it/10 l$\T1/cmr/m/n/10 )| $\OMS/cmsy/m/n/10 ^^Q$| [] 
 []


Overfull \hbox (14.99998pt too wide) in paragraph at lines 589--589
[]\T1/cmr/m/n/10 Rep($\OML/cmm/m/it/10 it$\T1/cmr/m/n/10 )| $\OMS/cmsy/m/n/10 ^^Q$| [] 
 []


Overfull \hbox (14.99998pt too wide) in paragraph at lines 599--599
[]\T1/cmr/m/n/10 Sig($\OML/cmm/m/it/10 i; p$\T1/cmr/m/n/10 )| $\OMS/cmsy/m/n/10 ^^Q$| [] 
 []


Overfull \hbox (14.99998pt too wide) in paragraph at lines 604--604
[]\T1/cmr/m/n/10 Ant($\OML/cmm/m/it/10 i; p$\T1/cmr/m/n/10 )| $\OMS/cmsy/m/n/10 ^^Q$| [] 
 []


Overfull \hbox (14.99998pt too wide) in paragraph at lines 610--610
[]\T1/cmr/m/n/10 Pos($\OML/cmm/m/it/10 l$\T1/cmr/m/n/10 ,$\OML/cmm/m/it/10 p$\T1/cmr/m/n/10 )| $\OMS/cmsy/m/n/10 ^^Q$| [] 
 []

[9] [10] [11] [12] [13] [14]

Package hyperref Warning: Token not allowed in a PDF string (Unicode):
(hyperref)                removing `math shift' on input line 991.


Package hyperref Warning: Token not allowed in a PDF string (Unicode):
(hyperref)                removing `\alpha' on input line 991.


Package hyperref Warning: Token not allowed in a PDF string (Unicode):
(hyperref)                removing `math shift' on input line 991.

[15]
Overfull \hbox (14.99998pt too wide) in paragraph at lines 1086--1086
[]\T1/cmr/m/n/10 Rep($\OML/cmm/m/it/10 l$\T1/cmr/m/n/10 )| $\OMS/cmsy/m/n/10 ^^Q$| [] 
 []


Overfull \hbox (14.99998pt too wide) in paragraph at lines 1090--1090
[]\T1/cmr/m/n/10 Abs($\OML/cmm/m/it/10 l$\T1/cmr/m/n/10 )| $\OMS/cmsy/m/n/10 ^^Q$| [] 
 []


Package hyperref Warning: Token not allowed in a PDF string (Unicode):
(hyperref)                removing `math shift' on input line 1099.


Package hyperref Warning: Token not allowed in a PDF string (Unicode):
(hyperref)                removing `\alpha' on input line 1099.


Package hyperref Warning: Token not allowed in a PDF string (Unicode):
(hyperref)                removing `math shift' on input line 1099.

[16] [17]
Overfull \hbox (14.99998pt too wide) in paragraph at lines 1194--1194
[]\T1/cmr/m/n/10 Rep($\OML/cmm/m/it/10 l$\T1/cmr/m/n/10 )| $\OMS/cmsy/m/n/10 ^^Q$| [] 
 []


Overfull \hbox (14.99998pt too wide) in paragraph at lines 1198--1198
[]\T1/cmr/m/n/10 Abs($\OML/cmm/m/it/10 l$\T1/cmr/m/n/10 )| $\OMS/cmsy/m/n/10 ^^Q$| [] 
 []


Package hyperref Warning: Token not allowed in a PDF string (Unicode):
(hyperref)                removing `math shift' on input line 1207.


Package hyperref Warning: Token not allowed in a PDF string (Unicode):
(hyperref)                removing `\alpha' on input line 1207.


Package hyperref Warning: Token not allowed in a PDF string (Unicode):
(hyperref)                removing `math shift' on input line 1207.

[18] [19] [20]
Overfull \hbox (14.99998pt too wide) in paragraph at lines 1359--1359
[]\T1/cmr/m/n/10 Rep($\OML/cmm/m/it/10 v$\T1/cmr/m/n/10 )| $\OMS/cmsy/m/n/10 ^^Q$| [] 
 []


Overfull \hbox (14.99998pt too wide) in paragraph at lines 1363--1363
[]\T1/cmr/m/n/10 Abs($\OML/cmm/m/it/10 v$\T1/cmr/m/n/10 )| $\OMS/cmsy/m/n/10 ^^Q$| [] 
 []


Package hyperref Warning: Token not allowed in a PDF string (Unicode):
(hyperref)                removing `math shift' on input line 1371.


Package hyperref Warning: Token not allowed in a PDF string (Unicode):
(hyperref)                removing `\kappa' on input line 1371.


Package hyperref Warning: Token not allowed in a PDF string (Unicode):
(hyperref)                removing `math shift' on input line 1371.


Package hyperref Warning: Token not allowed in a PDF string (Unicode):
(hyperref)                removing `math shift' on input line 1371.


Package hyperref Warning: Token not allowed in a PDF string (Unicode):
(hyperref)                removing `\sigma' on input line 1371.


Package hyperref Warning: Token not allowed in a PDF string (Unicode):
(hyperref)                removing `math shift' on input line 1371.

[21]
Overfull \hbox (1.65506pt too wide) in paragraph at lines 1419--1419
\T1/cmr/bx/n/10 Post $\OMS/cmsy/m/n/10 ^^Q$ \T1/cmr/m/n/10 {$\OML/cmm/m/it/10 d$ $\OT1/cmr/m/n/10 =[]$ \T1/cmr/m/n/10 definir($\OML/cmm/m/it/10 d; k; s$\T1/cmr/m/n/10 ) $\OMS/cmsy/m/n/10 ^$ \T1/cmr/m/n/10 haySiguiente($\OML/cmm/m/it/10 res$\T1/cmr/m/n/10 ) $\OMS/cmsy/m/n/10 ^[]$ \T1/cmr/m/n/10 Siguiente($\OML/cmm/m/it/10 res$\T1/cmr/m/n/10 ) $\OT1/cmr/m/n/10 =$ $\OMS/cmsy/m/n/10 h\OML/cmm/m/it/10 k; s\OMS/cmsy/m/n/10 i$ $^$ \T1/cmr/m/n/10 alias(esPermutación(SecuSuby($\OML/cmm/m/it/10 res$\T1/cmr/m/n/10 ),
 []

[22] [23] [24]
Overfull \hbox (14.99998pt too wide) in paragraph at lines 1588--1588
[]\T1/cmr/m/n/10 Rep($\OML/cmm/m/it/10 d$\T1/cmr/m/n/10 )| $\OMS/cmsy/m/n/10 ^^Q$| [] 
 []


Overfull \hbox (14.99998pt too wide) in paragraph at lines 1592--1592
[]\T1/cmr/m/n/10 Abs($\OML/cmm/m/it/10 d$\T1/cmr/m/n/10 )| $\OMS/cmsy/m/n/10 ^^Q$| [] 
 []


Overfull \hbox (14.99998pt too wide) in paragraph at lines 1605--1605
[]\T1/cmr/m/n/10 Rep($\OML/cmm/m/it/10 it$\T1/cmr/m/n/10 )| $\OMS/cmsy/m/n/10 ^^Q$| [] 
 []


Overfull \hbox (14.99998pt too wide) in paragraph at lines 1609--1609
[]\T1/cmr/m/n/10 Abs($\OML/cmm/m/it/10 it$\T1/cmr/m/n/10 )| $\OMS/cmsy/m/n/10 ^^Q$| [] 
 []


Overfull \hbox (13.89026pt too wide) in paragraph at lines 1614--1614
[]\T1/cmr/m/n/10 Join($\OML/cmm/m/it/10 a$\T1/cmr/m/n/10 , $\OML/cmm/m/it/10 b$\T1/cmr/m/n/10 )| $\OMS/cmsy/m/n/10 ^^Q$| [] 
 []

[25]

Package hyperref Warning: Token not allowed in a PDF string (Unicode):
(hyperref)                removing `math shift' on input line 1622.


Package hyperref Warning: Token not allowed in a PDF string (Unicode):
(hyperref)                removing `\alpha' on input line 1622.


Package hyperref Warning: Token not allowed in a PDF string (Unicode):
(hyperref)                removing `math shift' on input line 1622.

[26] [27] [28]
Overfull \hbox (14.99998pt too wide) in paragraph at lines 1790--1790
[]\T1/cmr/m/n/10 Rep($\OML/cmm/m/it/10 d$\T1/cmr/m/n/10 )| $\OMS/cmsy/m/n/10 ^^Q$| [] 
 []


Overfull \hbox (14.99998pt too wide) in paragraph at lines 1794--1794
[]\T1/cmr/m/n/10 Abs($\OML/cmm/m/it/10 d$\T1/cmr/m/n/10 )| $\OMS/cmsy/m/n/10 ^^Q$| [] 
 []


Overfull \hbox (14.99998pt too wide) in paragraph at lines 1803--1803
[]\T1/cmr/m/n/10 Rep($\OML/cmm/m/it/10 it$\T1/cmr/m/n/10 )| $\OMS/cmsy/m/n/10 ^^Q$| [] 
 []


Overfull \hbox (14.99998pt too wide) in paragraph at lines 1812--1812
[]$\OT1/cmr/m/n/10 ^^E[](\OML/cmm/m/it/10 s\OT1/cmr/m/n/10 )$| $\OMS/cmsy/m/n/10 ^^Q$| [] 
 []

[29] [30] [31]
Overfull \hbox (14.99998pt too wide) in paragraph at lines 2002--2002
[]\T1/cmr/m/n/10 Rep($\OML/cmm/m/it/10 c$\T1/cmr/m/n/10 )| $\OMS/cmsy/m/n/10 ^^Q$| [] 
 []

[32]
Overfull \hbox (14.99998pt too wide) in paragraph at lines 2020--2020
[]\T1/cmr/m/n/10 Rep($\OML/cmm/m/it/10 it$\T1/cmr/m/n/10 )| $\OMS/cmsy/m/n/10 ^^Q$| [] 
 []


Overfull \hbox (14.99998pt too wide) in paragraph at lines 2024--2024
[]\T1/cmr/m/n/10 Abs($\OML/cmm/m/it/10 it$\T1/cmr/m/n/10 )| $\OMS/cmsy/m/n/10 ^^Q$| [] 
 []

[33] 
enddocument/afterlastpage: lastpage setting LastPage.
(c:\Users\carri\OneDrive\Documentos\UBA\algoritmos2\tp1\Paquetes-Latex\ejemplos\build\apunte_modulos_basicos.aux
LaTeX Info: Redefining \. on input line 11.
LaTeX Info: Redefining \% on input line 11.
)
 ***********
LaTeX2e <2023-11-01> patch level 1
L3 programming layer <2024-03-14>
 ***********
Package rerunfilecheck Info: File `apunte_modulos_basicos.out' has not changed.
(rerunfilecheck)             Checksum: D0E22A3CEC82E5A34B37024CA8795DD4;2329.
 ) 
Here is how much of TeX's memory you used:
 13335 strings out of 474424
 209672 string characters out of 5741739
 1951496 words of memory out of 5000000
 35402 multiletter control sequences out of 15000+600000
 580630 words of font info for 96 fonts, out of 8000000 for 9000
 1141 hyphenation exceptions out of 8191
 75i,16n,79p,1583b,574s stack positions out of 10000i,1000n,20000p,200000b,200000s
 <C:\Users\carri\AppData\Local\MiKTeX\fonts/pk/ljfour/jknappen/ec/dpi600\ecrm0900.pk> <C:\Users\carri\AppData\Local\MiKTeX\fonts/pk/ljfour/jknappen/ec/dpi600\ecrm0800.pk> <C:\Users\carri\AppData\Local\MiKTeX\fonts/pk/ljfour/jknappen/ec/dpi600\ecrm0600.pk> <C:\Users\carri\AppData\Local\MiKTeX\fonts/pk/ljfour/jknappen/ec/dpi600\ectt1000.pk> <C:\Users\carri\AppData\Local\MiKTeX\fonts/pk/ljfour/jknappen/ec/dpi600\ecrm0700.pk> <C:\Users\carri\AppData\Local\MiKTeX\fonts/pk/ljfour/jknappen/ec/dpi600\ecti1000.pk> <C:\Users\carri\AppData\Local\MiKTeX\fonts/pk/ljfour/jknappen/ec/dpi600\ecxc1200.pk> <C:\Users\carri\AppData\Local\MiKTeX\fonts/pk/ljfour/jknappen/ec/dpi600\ecbx1200.pk> <C:\Users\carri\AppData\Local\MiKTeX\fonts/pk/ljfour/jknappen/ec/dpi600\eccc1000.pk> <C:\Users\carri\AppData\Local\MiKTeX\fonts/pk/ljfour/jknappen/ec/dpi600\ecrm1000.pk> <C:\Users\carri\AppData\Local\MiKTeX\fonts/pk/ljfour/jknappen/ec/dpi600\ecbx1000.pk> <C:\Users\carri\AppData\Local\MiKTeX\fonts/pk/ljfour/jknappen/ec/dpi600\ecbx1440.pk> <C:\Users\carri\AppData\Local\MiKTeX\fonts/pk/ljfour/jknappen/ec/dpi600\ecrm1200.pk> <C:\Users\carri\AppData\Local\MiKTeX\fonts/pk/ljfour/jknappen/ec/dpi600\ecrm1728.pk><C:/Users/carri/AppData/Local/Programs/MiKTeX/fonts/type1/public/amsfonts/cm/cmex10.pfb><C:/Users/carri/AppData/Local/Programs/MiKTeX/fonts/type1/public/amsfonts/cm/cmmi10.pfb><C:/Users/carri/AppData/Local/Programs/MiKTeX/fonts/type1/public/amsfonts/cm/cmmi12.pfb><C:/Users/carri/AppData/Local/Programs/MiKTeX/fonts/type1/public/amsfonts/cm/cmmi7.pfb><C:/Users/carri/AppData/Local/Programs/MiKTeX/fonts/type1/public/amsfonts/cm/cmmi8.pfb><C:/Users/carri/AppData/Local/Programs/MiKTeX/fonts/type1/public/amsfonts/cm/cmmi9.pfb><C:/Users/carri/AppData/Local/Programs/MiKTeX/fonts/type1/public/amsfonts/cm/cmr10.pfb><C:/Users/carri/AppData/Local/Programs/MiKTeX/fonts/type1/public/amsfonts/cm/cmr12.pfb><C:/Users/carri/AppData/Local/Programs/MiKTeX/fonts/type1/public/amsfonts/cm/cmr5.pfb><C:/Users/carri/AppData/Local/Programs/MiKTeX/fonts/type1/public/amsfonts/cm/cmr7.pfb><C:/Users/carri/AppData/Local/Programs/MiKTeX/fonts/type1/public/amsfonts/cm/cmr8.pfb><C:/Users/carri/AppData/Local/Programs/MiKTeX/fonts/type1/public/amsfonts/cm/cmr9.pfb><C:/Users/carri/AppData/Local/Programs/MiKTeX/fonts/type1/public/amsfonts/cm/cmsy10.pfb><C:/Users/carri/AppData/Local/Programs/MiKTeX/fonts/type1/public/amsfonts/cm/cmsy5.pfb><C:/Users/carri/AppData/Local/Programs/MiKTeX/fonts/type1/public/amsfonts/cm/cmsy7.pfb><C:/Users/carri/AppData/Local/Programs/MiKTeX/fonts/type1/public/amsfonts/symbols/msbm10.pfb>
Output written on c:\Users\carri\OneDrive\Documentos\UBA\algoritmos2\tp1\Paquetes-Latex\ejemplos\build\apunte_modulos_basicos.pdf (33 pages, 447624 bytes).
PDF statistics:
 865 PDF objects out of 1000 (max. 8388607)
 53 named destinations out of 1000 (max. 500000)
 105 words of extra memory for PDF output out of 10000 (max. 10000000)

